<?xml version="1.0" encoding="UTF-8"?>
<!-- Generated by org.testng.reporters.JUnitXMLReporter -->
<testsuite hostname="ASDP1747PO02529" ignored="0" name="Default test" tests="3" failures="0" timestamp="03 Jul 2018 04:15:27 GMT" time="16.281" errors="0">
  <testcase name="loginGmail" time="1.484" classname="gmailautomation.gmailTests"/>
  <testcase name="unreadMails" time="7.945" classname="gmailautomation.gmailTests"/>
  <testcase name="readFirstUnreadMail" time="0.339" classname="gmailautomation.gmailTests"/>
</testsuite> <!-- Default test -->
